Arguments: 
  C:\Program Files\nodejs\node.exe C:\Program Files\nodejs\node_modules\yarn\bin\yarn.js

PATH: 
  C:\Users\Jay04\bin;C:\Program Files\Git\mingw64\bin;C:\Program Files\Git\usr\local\bin;C:\Program Files\Git\usr\bin;C:\Program Files\Git\usr\bin;C:\Program Files\Git\mingw64\bin;C:\Program Files\Git\usr\bin;C:\Users\Jay04\bin;C:\Windows\System32\HWAudioDriverLibs;C:\Windows\system32;C:\Windows;C:\Windows\System32\Wbem;C:\Windows\System32\WindowsPowerShell\v1.0;C:\Windows\System32\OpenSSH;C:\Users\Administrator\AppData\Local\Microsoft\WindowsApps;C:\Program Files\Git\cmd;C:\Program Files\Git\mingw64\bin;C:\Program Files\Git\usr\bin;C:\Users\Jay04\AppData\Roaming\nvm;C:\Program Files\nodejs;C:\Users\Jay04\AppData\Local\Microsoft\WindowsApps;C:\Users\Jay04\AppData\Local\Programs\Microsoft VS Code\bin;C:\Users\Jay04\AppData\Roaming\nvm;C:\Program Files\nodejs;C:\Program Files\Git\usr\bin\vendor_perl;C:\Program Files\Git\usr\bin\core_perl

Yarn version: 
  1.22.19

Node version: 
  16.20.0

Platform: 
  win32 x64

Trace: 
  Error: https://registry.yarnpkg.com/@ant-design/icons-svg/-/icons-svg-4.3.1.tgz: ESOCKETTIMEDOUT
      at ClientRequest.<anonymous> (C:\Users\Jay04\AppData\Roaming\nvm\v16.20.0\node_modules\yarn\lib\cli.js:141517:19)
      at Object.onceWrapper (node:events:627:28)
      at ClientRequest.emit (node:events:513:28)
      at TLSSocket.emitRequestTimeout (node:_http_client:839:9)
      at Object.onceWrapper (node:events:627:28)
      at TLSSocket.emit (node:events:525:35)
      at TLSSocket.Socket._onTimeout (node:net:550:8)
      at listOnTimeout (node:internal/timers:559:17)
      at processTimers (node:internal/timers:502:7)

npm manifest: 
  {
    "name": "web-client",
    "version": "1.1.2",
    "description": "web front-end for PePrMInt",
    "repository": {
      "type": "git",
      "url": "https://git.app.uib.no/reuter-group/peprmint-web"
    },
    "private": "true",
    "scripts": {
      "test": "echo \"Error: no test specified\" && exit 1"
    },
    "author": "",
    "license": "ISC",
    "devDependencies": {
      "@types/node": "^16.11.9",
      "@types/node-sass": "^4.11.2",
      "@types/papaparse": "^5.3.1",
      "@types/react": "^17.0.34",
      "@types/react-bootstrap": "^0.32.28",
      "@types/react-dom": "^17.0.11",
      "@types/react-router": "^5.1.17",
      "@types/react-router-dom": "^5.3.2",
      "@types/react-window": "^1.8.5",
      "@types/webpack-env": "^1.16.3",
      "@webpack-cli/init": "^1.1.3",
      "css-loader": "^5.2.7",
      "file-loader": "^6.2.0",
      "glob-parent": ">=5.1.2",
      "html-loader": "^2.1.2",
      "html-webpack-plugin": "^5.5.0",
      "immer": ">=9.0.6",
      "jquery": "^3.6.0",
      "node-sass": "^6.0.1",
      "normalize-url": "^7.0.2",
      "popper.js": "^1.16.1",
      "sass-loader": "^11.1.1",
      "set-value": ">=4.0.1",
      "style-loader": "^2.0.0",
      "ts-loader": "^8.3.0",
      "typescript": "^4.4.4",
      "url-loader": "^4.1.1",
      "webpack": "^5.64.0",
      "webpack-cli": "^4.9.1"
    },
    "dependencies": {
      "@ant-design/colors": "^6.0.0",
      "@ant-design/icons": "^4.7.0",
      "@popperjs/core": "^2.10.2",
      "@types/recharts": "^1.8.23",
      "antd": "^4.16.13",
      "bootstrap": "^4.6.1",
      "export-to-csv": "^0.2.1",
      "molstar": "^3.0.0",
      "papaparse": "^5.3.1",
      "quickhull3d": "^2.0.5",
      "react": "^17.0.2",
      "react-bootstrap": "^1.6.4",
      "react-dom": "^17.0.2",
      "react-router": "^5.2.1",
      "react-router-dom": "^5.3.0",
      "react-scripts": "^5.0.0",
      "react-window": "^1.8.6",
      "recharts": "^2.1.8",
      "tslib": "^2.3.1"
    }
  }

yarn manifest: 
  No manifest

Lockfile: 
  No lockfile
